<?xml version="1.0" encoding="UTF-8"?>
<testsuite name="com.kodilla.testing.collection.CollectionTestSuite" tests="2" skipped="0" failures="0" errors="0" timestamp="2019-04-13T15:37:05" hostname="MacBook-Pro-mohhio.local" time="0.005">
  <properties/>
  <testcase name="testOddNumbersExterminatorEmptyList" classname="com.kodilla.testing.collection.CollectionTestSuite" time="0.004"/>
  <testcase name="testOddNumbersExterminatorNormalList" classname="com.kodilla.testing.collection.CollectionTestSuite" time="0.001"/>
  <system-out><![CDATA[rozpoczynam test na pustej liście
test zakończony
rozpoczynam test na parzyste
test zakończony
]]></system-out>
  <system-err><![CDATA[]]></system-err>
</testsuite>
